<?xml version="1.0" encoding="UTF-8"?>
<!-- Generated by org.testng.reporters.JUnitReportReporter -->
<testsuite hostname="DESKTOP-USU0DOV" failures="0" tests="4" name="automation_code_13Nov.Amazon_Recording" time="10.597" errors="0" timestamp="2022-11-19T08:49:51 CST" skipped="0">
  <testcase classname="automation_code_13Nov.Amazon_Recording" name="setUp" time="4.278"/>
  <system-out/>
  <testcase classname="automation_code_13Nov.Amazon_Recording" name="clickOnSearchBox" time="0.736"/>
  <system-out/>
  <testcase classname="automation_code_13Nov.Amazon_Recording" name="clickOnSignInRegister" time="3.344"/>
  <system-out/>
  <testcase classname="automation_code_13Nov.Amazon_Recording" name="clickOnSelectYourAdress" time="2.239"/>
  <system-out/>
</testsuite> <!-- automation_code_13Nov.Amazon_Recording -->
