<?xml version="1.0" encoding="UTF-8"?>
<!-- Generated by org.testng.reporters.JUnitReportReporter -->
<testsuite hostname="DESKTOP-USU0DOV" failures="0" tests="2" name="TestNG_code_30october_2022.TriCombo" time="11.051" errors="0" timestamp="2022-11-05T17:52:39 CDT" skipped="0">
  <testcase classname="TestNG_code_30october_2022.TriCombo" name="testcase1" time="5.058"/>
  <system-out/>
  <testcase classname="TestNG_code_30october_2022.TriCombo" name="testcase2" time="5.993"/>
  <system-out/>
</testsuite> <!-- TestNG_code_30october_2022.TriCombo -->
