<?xml version="1.0" encoding="UTF-8"?>
<!-- Generated by org.testng.reporters.JUnitReportReporter -->
<testsuite hostname="DESKTOP-USU0DOV" failures="0" tests="9" name="TestNG_code_30october_2022.Enabled_Operation" time="0.023" errors="0" timestamp="2022-11-05T18:12:57 CDT" skipped="1">
  <testcase classname="TestNG_code_30october_2022.Enabled_Operation" name="tc3" time="0.008"/>
  <system-out/>
  <testcase classname="TestNG_code_30october_2022.Enabled_Operation" name="tc1" time="0.002"/>
  <system-out/>
  <testcase classname="TestNG_code_30october_2022.Enabled_Operation" name="tc2" time="0.001"/>
  <system-out/>
  <testcase classname="TestNG_code_30october_2022.Enabled_Operation" name="tc5" time="0.003"/>
  <system-out/>
  <testcase classname="TestNG_code_30october_2022.Enabled_Operation" name="tc5" time="0.001"/>
  <system-out/>
  <testcase classname="TestNG_code_30october_2022.Enabled_Operation" name="tc5" time="0.004"/>
  <system-out/>
  <testcase classname="TestNG_code_30october_2022.Enabled_Operation" name="tc5" time="0.002"/>
  <system-out/>
  <testcase classname="TestNG_code_30october_2022.Enabled_Operation" name="tc5" time="0.002"/>
  <system-out/>
  <testcase classname="TestNG_code_30october_2022.Enabled_Operation" name="tc4">
    <skipped/>
  </testcase> <!-- tc4 -->
  <system-out/>
</testsuite> <!-- TestNG_code_30october_2022.Enabled_Operation -->
