<?xml version="1.0" encoding="UTF-8"?>
<!-- Generated by org.testng.reporters.JUnitReportReporter -->
<testsuite hostname="DESKTOP-USU0DOV" failures="0" tests="1" name="TestNG_code_30october_2022.learning_test_NG" time="0.011" errors="0" timestamp="2022-11-05T00:50:39 CDT" skipped="0">
  <testcase classname="TestNG_code_30october_2022.learning_test_NG" name="testcase" time="0.011"/>
  <system-out/>
</testsuite> <!-- TestNG_code_30october_2022.learning_test_NG -->
