<?xml version="1.0" encoding="UTF-8"?>
<!-- Generated by org.testng.reporters.JUnitReportReporter -->
<testsuite hostname="DESKTOP-USU0DOV" failures="0" tests="1" name="Java_session_5thNouvember.Important_method_In_Assert" time="8.961" errors="0" timestamp="2022-11-05T11:12:19 CDT" skipped="0">
  <testcase classname="Java_session_5thNouvember.Important_method_In_Assert" name="Logicl" time="8.961"/>
  <system-out/>
</testsuite> <!-- Java_session_5thNouvember.Important_method_In_Assert -->
