<?xml version="1.0" encoding="UTF-8"?>
<!-- Generated by org.testng.reporters.JUnitReportReporter -->
<testsuite hostname="DESKTOP-USU0DOV" failures="0" tests="4" name="java_6Nouvember.Rediff_with_CCS_Selector" time="5.355" errors="0" timestamp="2022-11-14T13:04:48 CST" skipped="0">
  <testcase classname="java_6Nouvember.Rediff_with_CCS_Selector" name="UsentererName" time="0.131"/>
  <system-out/>
  <testcase classname="java_6Nouvember.Rediff_with_CCS_Selector" name="enterpassword" time="0.102"/>
  <system-out/>
  <testcase classname="java_6Nouvember.Rediff_with_CCS_Selector" name="clickPnSigiIn" time="5.033"/>
  <system-out/>
  <testcase classname="java_6Nouvember.Rediff_with_CCS_Selector" name="clickOnLogOut" time="0.089"/>
  <system-out/>
</testsuite> <!-- java_6Nouvember.Rediff_with_CCS_Selector -->
