<?xml version="1.0" encoding="UTF-8"?>
<!-- Generated by org.testng.reporters.JUnitReportReporter -->
<testsuite hostname="DESKTOP-USU0DOV" failures="0" tests="5" name="testNG_code_30october_2022.TestNG4" time="5.949" errors="0" timestamp="2022-11-06T22:51:48 CST" skipped="0">
  <testcase classname="testNG_code_30october_2022.TestNG4" name="setUp" time="2.728"/>
  <system-out/>
  <testcase classname="testNG_code_30october_2022.TestNG4" name="clickOnnSearchBox" time="0.190"/>
  <system-out/>
  <testcase classname="testNG_code_30october_2022.TestNG4" name="clickOnAddToMyCart" time="1.794"/>
  <system-out/>
  <testcase classname="testNG_code_30october_2022.TestNG4" name="clickOnShopTodayDeal" time="0.909"/>
  <system-out/>
  <testcase classname="testNG_code_30october_2022.TestNG4" name="clickOnSignIn" time="0.328"/>
  <system-out/>
</testsuite> <!-- testNG_code_30october_2022.TestNG4 -->
