<?xml version="1.0" encoding="UTF-8"?>
<!-- Generated by org.testng.reporters.JUnitReportReporter -->
<testsuite hostname="DESKTOP-USU0DOV" failures="0" tests="5" name="TestNG_code_30october_2022.Priority_AValue" time="0.016" errors="0" timestamp="2022-11-05T18:04:29 CDT" skipped="0">
  <testcase classname="TestNG_code_30october_2022.Priority_AValue" name="tc3" time="0.008"/>
  <system-out/>
  <testcase classname="TestNG_code_30october_2022.Priority_AValue" name="tc1" time="0.002"/>
  <system-out/>
  <testcase classname="TestNG_code_30october_2022.Priority_AValue" name="tc2" time="0.002"/>
  <system-out/>
  <testcase classname="TestNG_code_30october_2022.Priority_AValue" name="tc5" time="0.002"/>
  <system-out/>
  <testcase classname="TestNG_code_30october_2022.Priority_AValue" name="tc4" time="0.002"/>
  <system-out/>
</testsuite> <!-- TestNG_code_30october_2022.Priority_AValue -->
