<?xml version="1.0" encoding="UTF-8"?>
<!-- Generated by org.testng.reporters.JUnitReportReporter -->
<testsuite hostname="DESKTOP-USU0DOV" failures="0" tests="5" name="TestNG_code_30october_2022.Assignment_TestNG_firstprogram" time="24.234" errors="0" timestamp="2022-11-05T22:36:45 CDT" skipped="0">
  <testcase classname="TestNG_code_30october_2022.Assignment_TestNG_firstprogram" name="setUp" time="2.614"/>
  <system-out/>
  <testcase classname="TestNG_code_30october_2022.Assignment_TestNG_firstprogram" name="clickOnnSignInLink" time="9.200"/>
  <system-out/>
  <testcase classname="TestNG_code_30october_2022.Assignment_TestNG_firstprogram" name="clickOnCreateAccount" time="11.331"/>
  <system-out/>
  <testcase classname="TestNG_code_30october_2022.Assignment_TestNG_firstprogram" name="enterValidEmailAdress" time="0.779"/>
  <system-out/>
  <testcase classname="TestNG_code_30october_2022.Assignment_TestNG_firstprogram" name="enterValidPassword" time="0.310"/>
  <system-out/>
</testsuite> <!-- TestNG_code_30october_2022.Assignment_TestNG_firstprogram -->
