<?xml version="1.0" encoding="UTF-8"?>
<!-- Generated by org.testng.reporters.JUnitReportReporter -->
<testsuite hostname="DESKTOP-USU0DOV" failures="0" tests="4" name="automation_code_5thNouvember.WebDriver_Rediff_Wait" time="19.126" errors="0" timestamp="2022-11-12T19:19:43 CST" skipped="0">
  <testcase classname="automation_code_5thNouvember.WebDriver_Rediff_Wait" name="clickOnSignInLink" time="2.019"/>
  <system-out/>
  <testcase classname="automation_code_5thNouvember.WebDriver_Rediff_Wait" name="loginCredentials" time="6.078"/>
  <system-out/>
  <testcase classname="automation_code_5thNouvember.WebDriver_Rediff_Wait" name="logOut" time="3.768"/>
  <system-out/>
  <testcase classname="automation_code_5thNouvember.WebDriver_Rediff_Wait" name="rediffHome" time="7.261"/>
  <system-out/>
</testsuite> <!-- automation_code_5thNouvember.WebDriver_Rediff_Wait -->
